<?xml version="1.0" encoding="UTF-8"?>
<!-- Generated by org.testng.reporters.JUnitReportReporter -->
<testsuite skipped="0" hostname="INLN50930371A" name="oldLaunchpad.Workflow" tests="2" failures="0" timestamp="11 Jan 2018 11:19:22 GMT" time="15.779" errors="0">
  <testcase name="Datadriven" time="8.610" classname="oldLaunchpad.Workflow"/>
  <testcase name="Datadriven" time="7.169" classname="oldLaunchpad.Workflow"/>
</testsuite> <!-- oldLaunchpad.Workflow -->
