<?xml version="1.0" encoding="UTF-8"?>
<!-- Generated by org.testng.reporters.JUnitReportReporter -->
<testsuite skipped="0" hostname="INLN50930371A" name="oldLaunchpad.ReadExcel" tests="1" failures="0" timestamp="10 Jan 2018 09:37:45 GMT" time="0.577" errors="0">
  <testcase name="read" time="0.577" classname="oldLaunchpad.ReadExcel"/>
</testsuite> <!-- oldLaunchpad.ReadExcel -->
